certificateForm.py.init#144	INFO:	
**************************************
******** 2023-02-08 13:35:34 *********
**************************************
certificateForm.py.submit#122	INFO:	collectedFormadata: {'marriageDate': '2023-02-08', 'groomId': '', 'brideFather': '', 'groomName': '', 'groomFather': '', 'brideName': '', 'marriageDate_obj': <tkcalendar.dateentry.DateEntry instance at 0x0000000004068F88>, 'brideAddress': '', 'brideId': '', 'groomAddress': '', 's_no': ''}
certificateForm.py.submit#122	INFO:	collectedFormadata: {'marriageDate': '2023-02-08', 'groomId': 'gkj', 'brideFather': 'ghkojlh', 'groomName': 'h', 'groomFather': 'klhkl', 'brideName': 'hlk', 'marriageDate_obj': <tkcalendar.dateentry.DateEntry instance at 0x0000000004068F88>, 'brideAddress': 'lkgkjg', 'brideId': 'jklh', 'groomAddress': 'hk', 's_no': 'fdg'}
constants.py.getSavePath#59	INFO:	getSavePath params: 2023-02-08
constants.py.getSavePath#59	INFO:	getSavePath params: 2023-02-08
certificateForm.py.init#146	INFO:	
**************************************
******** 2023-02-08 14:03:46 *********
**************************************
certificateForm.py.submit#123	INFO:	collectedFormadata: {'marriageDate': '2023-02-08', 'groomId': 'gkjg', 'brideFather': 'jkgjk', 'groomName': 'jhk', 'groomFather': 'jhg', 'brideName': 'jkh', 'marriageDate_obj': <tkcalendar.dateentry.DateEntry instance at 0x0000000003EFF548>, 'brideAddress': 'kgkj', 'brideId': 'lg', 'groomAddress': 'jk', 's_no': 'jhfjh'}
constants.py.getSavePath#59	INFO:	getSavePath params: 2023-02-08
constants.py.getSavePath#59	INFO:	getSavePath params: 2023-02-08
certificateForm.py.submit#123	INFO:	collectedFormadata: {'marriageDate': '2023-02-08', 'groomId': 'gkjg', 'brideFather': 'jkgjk', 'groomName': 'jhk', 'groomFather': 'jhg', 'brideName': 'jkh', 'marriageDate_obj': <tkcalendar.dateentry.DateEntry instance at 0x0000000003EFF548>, 'brideAddress': 'kgkj', 'brideId': 'lg', 'groomAddress': 'jk', 's_no': 'jhfjh'}
constants.py.getSavePath#59	INFO:	getSavePath params: 2023-02-08
constants.py.getSavePath#59	INFO:	getSavePath params: 2023-02-08
certificateForm.py.init#146	INFO:	
**************************************
******** 2023-02-08 14:07:01 *********
**************************************
certificateForm.py.submit#123	INFO:	collectedFormadata: {'marriageDate': '2023-02-08', 'groomId': 'gkj', 'brideFather': 'gkjhg', 'groomName': 'jkgk', 'groomFather': 'jgjk', 'brideName': 'gjk', 'marriageDate_obj': <tkcalendar.dateentry.DateEntry instance at 0x0000000004112548>, 'brideAddress': 'gkjlg', 'brideId': 'kljhkjl', 'groomAddress': 'gkj', 's_no': 'hfl'}
constants.py.getSavePath#59	INFO:	getSavePath params: 2023-02-08
constants.py.getSavePath#59	INFO:	getSavePath params: 2023-02-08
certificateForm.py.init#146	INFO:	
**************************************
******** 2023-02-08 14:15:06 *********
**************************************
certificateForm.py.submit#123	INFO:	collectedFormadata: {'marriageDate': '2023-02-08', 'groomId': 'vj', 'brideFather': 'vjv', 'groomName': 'gdfch', 'groomFather': 'hc', 'brideName': 'bvjhf', 'marriageDate_obj': <tkcalendar.dateentry.DateEntry instance at 0x0000000003D39448>, 'brideAddress': 'jvbjh', 'brideId': 'jv', 'groomAddress': 'hchg', 's_no': '1'}
constants.py.getSavePath#59	INFO:	getSavePath params: 2023-02-08
constants.py.getSavePath#59	INFO:	getSavePath params: 2023-02-08
certificateForm.py.submit#123	INFO:	collectedFormadata: {'marriageDate': '2023-02-08', 'groomId': 'vj', 'brideFather': 'vjv', 'groomName': 'gdfch', 'groomFather': 'hc', 'brideName': 'bvjhf', 'marriageDate_obj': <tkcalendar.dateentry.DateEntry instance at 0x0000000003D39448>, 'brideAddress': 'jvbjh', 'brideId': 'jv', 'groomAddress': 'hchg', 's_no': '2'}
constants.py.getSavePath#59	INFO:	getSavePath params: 2023-02-08
constants.py.getSavePath#59	INFO:	getSavePath params: 2023-02-08
certificateForm.py.submit#123	INFO:	collectedFormadata: {'marriageDate': '2023-02-08', 'groomId': 'vj', 'brideFather': 'vjv', 'groomName': 'gdfch', 'groomFather': 'hc', 'brideName': 'bvjhf', 'marriageDate_obj': <tkcalendar.dateentry.DateEntry instance at 0x0000000003D39448>, 'brideAddress': 'jvbjh', 'brideId': 'jv', 'groomAddress': 'hchg', 's_no': '3'}
constants.py.getSavePath#59	INFO:	getSavePath params: 2023-02-08
constants.py.getSavePath#59	INFO:	getSavePath params: 2023-02-08
certificateForm.py.submit#123	INFO:	collectedFormadata: {'marriageDate': '2023-02-08', 'groomId': 'vj', 'brideFather': 'vjv', 'groomName': 'gdfch', 'groomFather': 'hc', 'brideName': 'bvjhf', 'marriageDate_obj': <tkcalendar.dateentry.DateEntry instance at 0x0000000003D39448>, 'brideAddress': 'jvbjh', 'brideId': 'jv', 'groomAddress': 'hchg', 's_no': '4'}
constants.py.getSavePath#59	INFO:	getSavePath params: 2023-02-08
constants.py.getSavePath#59	INFO:	getSavePath params: 2023-02-08
certificateForm.py.init#146	INFO:	
**************************************
******** 2023-02-08 14:16:48 *********
**************************************
certificateForm.py.submit#123	INFO:	collectedFormadata: {'marriageDate': '2023-02-08', 'groomId': 'hgjk', 'brideFather': '.hkj', 'groomName': 'jhgf', 'groomFather': 'jhg', 'brideName': 'kgjkg', 'marriageDate_obj': <tkcalendar.dateentry.DateEntry instance at 0x0000000004621E48>, 'brideAddress': 'kjgkj', 'brideId': 'lgvkjlgljk', 'groomAddress': 'jvj', 's_no': '5'}
constants.py.getSavePath#59	INFO:	getSavePath params: 2023-02-08
constants.py.getSavePath#59	INFO:	getSavePath params: 2023-02-08
certificateForm.py.init#146	INFO:	
**************************************
******** 2023-02-08 14:18:50 *********
**************************************
certificateForm.py.submit#123	INFO:	collectedFormadata: {'marriageDate': '2023-02-08', 'groomId': 'jkhg', 'brideFather': 'jgjkhf', 'groomName': 'hf', 'groomFather': 'jv', 'brideName': 'kjhgkl', 'marriageDate_obj': <tkcalendar.dateentry.DateEntry instance at 0x0000000003EFA488>, 'brideAddress': 'ljkflkj', 'brideId': 'jlg', 'groomAddress': 'j', 's_no': '6'}
constants.py.getSavePath#59	INFO:	getSavePath params: 2023-02-08
constants.py.getSavePath#59	INFO:	getSavePath params: 2023-02-08
certificateForm.py.init#146	INFO:	
**************************************
******** 2023-02-08 14:25:08 *********
**************************************
certificateForm.py.submit#123	INFO:	collectedFormadata: {'marriageDate': '2023-02-08', 'groomId': 'kjh', 'brideFather': 'kjhjklh', 'groomName': 'ug', 'groomFather': 'jkg', 'brideName': 'lkhklhkl', 'marriageDate_obj': <tkcalendar.dateentry.DateEntry instance at 0x0000000003D88048>, 'brideAddress': 'kgklj', 'brideId': 'l;gkjglg', 'groomAddress': 'jk', 's_no': '7'}
constants.py.getSavePath#59	INFO:	getSavePath params: 2023-02-08
constants.py.getSavePath#59	INFO:	getSavePath params: 2023-02-08
certificateForm.py.init#146	INFO:	
**************************************
******** 2023-02-08 14:25:59 *********
**************************************
certificateForm.py.init#146	INFO:	
**************************************
******** 2023-02-08 14:26:05 *********
**************************************
certificateForm.py.submit#123	INFO:	collectedFormadata: {'marriageDate': '2023-02-08', 'groomId': 'giugiu', 'brideFather': 'giu', 'groomName': 'iuyiu', 'groomFather': 'kgiu', 'brideName': 'gviuhbiu', 'marriageDate_obj': <tkcalendar.dateentry.DateEntry instance at 0x000000000424B948>, 'brideAddress': 'giuiugp', 'brideId': 'giugiugiu', 'groomAddress': 'tgiugbviu', 's_no': '8'}
constants.py.getSavePath#59	INFO:	getSavePath params: 2023-02-08
constants.py.getSavePath#59	INFO:	getSavePath params: 2023-02-08
certificateForm.py.init#146	INFO:	
**************************************
******** 2023-02-08 14:28:46 *********
**************************************
certificateForm.py.submit#123	INFO:	collectedFormadata: {'marriageDate': '2023-02-08', 'groomId': 'JKHFJK', 'brideFather': 'JKHF', 'groomName': 'JGJKHGJK', 'groomFather': 'FJKFJLF', 'brideName': 'FJF', 'marriageDate_obj': <tkcalendar.dateentry.DateEntry instance at 0x000000000378DF48>, 'brideAddress': 'JKHFKJG', 'brideId': 'JHGF', 'groomAddress': 'JKGHFJKHFG', 's_no': '1'}
constants.py.getSavePath#59	INFO:	getSavePath params: 2023-02-08
constants.py.getSavePath#59	INFO:	getSavePath params: 2023-02-08
certificateForm.py.init#146	INFO:	
**************************************
******** 2023-02-08 14:29:24 *********
**************************************
certificateForm.py.submit#123	INFO:	collectedFormadata: {'marriageDate': '2023-02-08', 'groomId': 'gkj', 'brideFather': 'kjgkj', 'groomName': 'gjkgk', 'groomFather': 'jgkjg', 'brideName': 'gkjgkjg', 'marriageDate_obj': <tkcalendar.dateentry.DateEntry instance at 0x0000000003F3B988>, 'brideAddress': 'kgkj', 'brideId': 'gkjgkj', 'groomAddress': 'kjgkj', 's_no': '2'}
constants.py.getSavePath#59	INFO:	getSavePath params: 2023-02-08
constants.py.getSavePath#59	INFO:	getSavePath params: 2023-02-08
certificateForm.py.submit#123	INFO:	collectedFormadata: {'marriageDate': '2023-02-08', 'groomId': 'gkj', 'brideFather': 'kjgkj', 'groomName': 'gjkgk', 'groomFather': 'jgkjg', 'brideName': 'gkjgkjg', 'marriageDate_obj': <tkcalendar.dateentry.DateEntry instance at 0x0000000003F3B988>, 'brideAddress': 'kgkj', 'brideId': 'gkjgkj', 'groomAddress': 'kjgkj', 's_no': '2'}
constants.py.getSavePath#59	INFO:	getSavePath params: 2023-02-08
constants.py.getSavePath#59	INFO:	getSavePath params: 2023-02-08
certificateForm.py.submit#123	INFO:	collectedFormadata: {'marriageDate': '2023-02-08', 'groomId': 'gkj', 'brideFather': 'kjgkj', 'groomName': 'gjkgk', 'groomFather': 'jgkjg', 'brideName': 'gkjgkjg', 'marriageDate_obj': <tkcalendar.dateentry.DateEntry instance at 0x0000000003F3B988>, 'brideAddress': 'kgkj', 'brideId': 'gkjgkj', 'groomAddress': 'kjgkj', 's_no': '3'}
constants.py.getSavePath#59	INFO:	getSavePath params: 2023-02-08
constants.py.getSavePath#59	INFO:	getSavePath params: 2023-02-08
certificateForm.py.submit#123	INFO:	collectedFormadata: {'marriageDate': '2023-02-08', 'groomId': 'gkj', 'brideFather': 'kjgkj', 'groomName': 'gjkgk', 'groomFather': 'jgkjg', 'brideName': 'gkjgkjg', 'marriageDate_obj': <tkcalendar.dateentry.DateEntry instance at 0x0000000003F3B988>, 'brideAddress': 'kgkj', 'brideId': 'gkjgkj', 'groomAddress': 'kjgkj', 's_no': '3'}
constants.py.getSavePath#59	INFO:	getSavePath params: 2023-02-08
constants.py.getSavePath#59	INFO:	getSavePath params: 2023-02-08
certificateForm.py.init#146	INFO:	
**************************************
******** 2023-02-08 14:46:37 *********
**************************************
certificateForm.py.init#146	INFO:	
**************************************
******** 2023-02-08 14:47:51 *********
**************************************
certificateForm.py.submit#123	INFO:	collectedFormadata: {'marriageDate': '2023-02-08', 'groomId': 'gkj', 'brideFather': 'gkjlg', 'groomName': 'gjkjg', 'groomFather': 'kjg', 'brideName': 'gkj', 'marriageDate_obj': <tkcalendar.dateentry.DateEntry instance at 0x0000000003DD0248>, 'brideAddress': 'jkgjjg', 'brideId': 'kjg', 'groomAddress': 'kjgkj', 's_no': '5'}
constants.py.getSavePath#59	INFO:	getSavePath params: 2023-02-08
constants.py.getSavePath#59	INFO:	getSavePath params: 2023-02-08
certificateForm.py.init#146	INFO:	
**************************************
******** 2023-02-08 14:49:03 *********
**************************************
certificateForm.py.submit#123	INFO:	collectedFormadata: {'marriageDate': '2023-02-08', 'groomId': 'kjgkj', 'brideFather': 'kjgjk', 'groomName': 'jh', 'groomFather': 'kjgjk', 'brideName': 'gkjg', 'marriageDate_obj': <tkcalendar.dateentry.DateEntry instance at 0x0000000003F50248>, 'brideAddress': 'kjg', 'brideId': 'gkjgkl', 'groomAddress': 'jkg', 's_no': '1'}
constants.py.getSavePath#59	INFO:	getSavePath params: 2023-02-08
constants.py.getSavePath#59	INFO:	getSavePath params: 2023-02-08
certificateForm.py.init#151	INFO:	
**************************************
******** 2023-02-08 14:50:10 *********
**************************************
certificateForm.py.init#151	INFO:	
**************************************
******** 2023-02-08 14:50:24 *********
**************************************
certificateForm.py.init#148	INFO:	
**************************************
******** 2023-02-08 14:51:03 *********
**************************************
certificateForm.py.init#148	INFO:	
**************************************
******** 2023-02-08 14:51:31 *********
**************************************
certificateForm.py.init#148	INFO:	
**************************************
******** 2023-02-08 14:52:38 *********
**************************************
certificateForm.py.init#148	INFO:	
**************************************
******** 2023-02-08 14:54:25 *********
**************************************
certificateForm.py.init#148	INFO:	
**************************************
******** 2023-02-08 14:54:30 *********
**************************************
certificateForm.py.init#148	INFO:	
**************************************
******** 2023-02-08 14:54:43 *********
**************************************
certificateForm.py.init#148	INFO:	
**************************************
******** 2023-02-08 14:54:56 *********
**************************************
certificateForm.py.init#148	INFO:	
**************************************
******** 2023-02-08 14:55:22 *********
**************************************
certificateForm.py.init#148	INFO:	
**************************************
******** 2023-02-08 14:55:38 *********
**************************************
certificateForm.py.init#148	INFO:	
**************************************
******** 2023-02-08 14:55:51 *********
**************************************
certificateForm.py.submit#125	INFO:	collectedFormadata: {'marriageDate': '2023-02-08', 'groomId': '', 'brideFather': '', 'groomName': '', 'groomFather': '', 'brideName': '', 'marriageDate_obj': <tkcalendar.dateentry.DateEntry instance at 0x0000000003996A48>, 'brideAddress': '', 'brideId': '', 'groomAddress': '', 's_no': ''}
certificateForm.py.init#152	INFO:	
**************************************
******** 2023-02-08 14:57:39 *********
**************************************
certificateForm.py.init#152	INFO:	
**************************************
******** 2023-02-08 14:57:39 *********
**************************************
certificateForm.py.init#152	INFO:	
**************************************
******** 2023-02-08 14:58:47 *********
**************************************
certificateForm.py.init#152	INFO:	
**************************************
******** 2023-02-08 14:58:47 *********
**************************************
certificateForm.py.init#152	INFO:	
**************************************
******** 2023-02-08 14:58:53 *********
**************************************
certificateForm.py.init#152	INFO:	
**************************************
******** 2023-02-08 14:58:53 *********
**************************************
certificateForm.py.init#153	INFO:	
**************************************
******** 2023-02-08 14:59:15 *********
**************************************
certificateForm.py.init#153	INFO:	
**************************************
******** 2023-02-08 14:59:15 *********
**************************************
certificateForm.py.init#154	INFO:	
**************************************
******** 2023-02-08 15:01:39 *********
**************************************
certificateForm.py.init#154	INFO:	
**************************************
******** 2023-02-08 15:01:39 *********
**************************************
certificateForm.py.init#154	INFO:	
**************************************
******** 2023-02-08 15:01:47 *********
**************************************
certificateForm.py.init#154	INFO:	
**************************************
******** 2023-02-08 15:02:18 *********
**************************************
certificateForm.py.init#154	INFO:	
**************************************
******** 2023-02-08 15:02:18 *********
**************************************
certificateForm.py.init#154	INFO:	
**************************************
******** 2023-02-08 15:02:18 *********
**************************************
certificateForm.py.init#154	INFO:	
**************************************
******** 2023-02-08 15:03:34 *********
**************************************
certificateForm.py.init#154	INFO:	
**************************************
******** 2023-02-08 15:03:34 *********
**************************************
certificateForm.py.init#154	INFO:	
**************************************
******** 2023-02-08 15:04:10 *********
**************************************
certificateForm.py.init#154	INFO:	
**************************************
******** 2023-02-08 15:04:10 *********
**************************************
certificateForm.py.init#154	INFO:	
**************************************
******** 2023-02-08 15:04:10 *********
**************************************
certificateForm.py.init#154	INFO:	
**************************************
******** 2023-02-08 15:04:10 *********
**************************************
certificateForm.py.init#154	INFO:	
**************************************
******** 2023-02-08 15:04:10 *********
**************************************
certificateForm.py.init#154	INFO:	
**************************************
******** 2023-02-08 15:04:10 *********
**************************************
certificateForm.py.submit#131	INFO:	collectedFormadata: {'marriageDate': '2023-02-08', 'groomId': '', 'brideFather': '', 'groomName': '', 'groomFather': '', 'brideName': '', 'marriageDate_obj': <tkcalendar.dateentry.DateEntry instance at 0x000000000559D588>, 'brideAddress': '', 'brideId': '', 'groomAddress': '', 's_no': ''}
certificateForm.py.init#154	INFO:	
**************************************
******** 2023-02-08 15:04:10 *********
**************************************
certificateForm.py.init#153	INFO:	
**************************************
******** 2023-02-08 15:06:15 *********
**************************************
certificateForm.py.init#153	INFO:	
**************************************
******** 2023-02-08 15:06:15 *********
**************************************
certificateForm.py.init#153	INFO:	
**************************************
******** 2023-02-08 15:06:57 *********
**************************************
certificateForm.py.init#153	INFO:	
**************************************
******** 2023-02-08 15:06:57 *********
**************************************
certificateForm.py.init#153	INFO:	
**************************************
******** 2023-02-08 15:06:57 *********
**************************************
certificateForm.py.init#153	INFO:	
**************************************
******** 2023-02-08 15:06:57 *********
**************************************
certificateForm.py.init#153	INFO:	
**************************************
******** 2023-02-08 15:06:57 *********
**************************************
certificateForm.py.init#148	INFO:	
**************************************
******** 2023-02-08 15:09:08 *********
**************************************
certificateForm.py.init#148	INFO:	
**************************************
******** 2023-02-08 15:09:08 *********
**************************************
certificateForm.py.init#149	INFO:	
**************************************
******** 2023-02-08 15:16:33 *********
**************************************
certificateForm.py.init#149	INFO:	
**************************************
******** 2023-02-08 15:16:47 *********
**************************************
certificateForm.py.init#149	INFO:	
**************************************
******** 2023-02-08 15:16:56 *********
**************************************
certificateForm.py.init#150	INFO:	
**************************************
******** 2023-02-08 15:19:05 *********
**************************************
certificateForm.py.init#150	INFO:	
**************************************
******** 2023-02-08 15:19:05 *********
**************************************
certificateForm.py.init#154	INFO:	
**************************************
******** 2023-02-08 15:19:48 *********
**************************************
certificateForm.py.init#154	INFO:	
**************************************
******** 2023-02-08 15:20:04 *********
**************************************
certificateForm.py.init#154	INFO:	
**************************************
******** 2023-02-08 15:20:30 *********
**************************************
certificateForm.py.init#154	INFO:	
**************************************
******** 2023-02-08 15:20:35 *********
**************************************
certificateForm.py.init#154	INFO:	
**************************************
******** 2023-02-08 15:21:38 *********
**************************************
certificateForm.py.init#154	INFO:	
**************************************
******** 2023-02-08 15:21:47 *********
**************************************
certificateForm.py.init#154	INFO:	
**************************************
******** 2023-02-08 15:21:55 *********
**************************************
certificateForm.py.init#154	INFO:	
**************************************
******** 2023-02-08 15:22:11 *********
**************************************
certificateForm.py.init#154	INFO:	
**************************************
******** 2023-02-08 15:22:18 *********
**************************************
certificateForm.py.init#154	INFO:	
**************************************
******** 2023-02-08 15:22:25 *********
**************************************
certificateForm.py.init#154	INFO:	
**************************************
******** 2023-02-08 15:23:01 *********
**************************************
certificateForm.py.init#154	INFO:	
**************************************
******** 2023-02-08 15:23:18 *********
**************************************
certificateForm.py.init#156	INFO:	
**************************************
******** 2023-02-08 15:23:49 *********
**************************************
certificateForm.py.init#156	INFO:	
**************************************
******** 2023-02-08 15:24:23 *********
**************************************
certificateForm.py.init#156	INFO:	
**************************************
******** 2023-02-08 15:24:23 *********
**************************************
certificateForm.py.init#156	INFO:	
**************************************
******** 2023-02-08 16:24:39 *********
**************************************
certificateForm.py.submit#133	INFO:	collectedFormadata: {'marriageDate': '2023-02-08', 'groomId': 'fdsg', 'brideFather': 'gkjgkj', 'groomName': 'dsagf', 'groomFather': 'dsg', 'brideName': 'kjgkj', 'marriageDate_obj': <tkcalendar.dateentry.DateEntry instance at 0x0000000005CF1EC8>, 'brideAddress': 'gjkkjg', 'brideId': 'gkjlgkjlgkjg', 'groomAddress': 'sdgdsafg', 's_no': '11'}
constants.py.getSavePath#59	INFO:	getSavePath params: 2023-02-08
constants.py.getSavePath#59	INFO:	getSavePath params: 2023-02-08
certificateForm.py.init#156	INFO:	
**************************************
******** 2023-02-08 16:25:46 *********
**************************************
certificateForm.py.submit#133	INFO:	collectedFormadata: {'marriageDate': '2023-02-08', 'groomId': 'hjk', 'brideFather': 'gkj', 'groomName': 'fdhg', 'groomFather': 'kjg', 'brideName': 'gjk', 'marriageDate_obj': <tkcalendar.dateentry.DateEntry instance at 0x0000000003E8F388>, 'brideAddress': 'gkl', 'brideId': 'gkj', 'groomAddress': 'kj', 's_no': '11'}
constants.py.getSavePath#59	INFO:	getSavePath params: 2023-02-08
constants.py.getSavePath#59	INFO:	getSavePath params: 2023-02-08
certificateForm.py.submit#133	INFO:	collectedFormadata: {'marriageDate': '2023-02-08', 'groomId': 'hjk', 'brideFather': 'gkj', 'groomName': 'fdhg', 'groomFather': 'kjg', 'brideName': 'gjk', 'marriageDate_obj': <tkcalendar.dateentry.DateEntry instance at 0x0000000003E8F388>, 'brideAddress': 'gkl', 'brideId': 'gkj', 'groomAddress': 'kj', 's_no': '11'}
constants.py.getSavePath#59	INFO:	getSavePath params: 2023-02-08
constants.py.getSavePath#59	INFO:	getSavePath params: 2023-02-08
certificateForm.py.init#158	INFO:	
**************************************
******** 2023-02-08 16:29:16 *********
**************************************
certificateForm.py.submit#133	INFO:	collectedFormadata: {'marriageDate': '2023-02-08', 'groomId': 'ljgklj', 'brideFather': 'gkjl', 'groomName': 'fdg', 'groomFather': 'kjg', 'brideName': 'gjkl', 'marriageDate_obj': <tkcalendar.dateentry.DateEntry instance at 0x0000000004239408>, 'brideAddress': 'gkgk', 'brideId': 'gkljgklglk', 'groomAddress': 'kjlgk', 's_no': '12'}
constants.py.getSavePath#59	INFO:	getSavePath params: 2023-02-08
constants.py.getSavePath#59	INFO:	getSavePath params: 2023-02-08
certificateForm.py.init#160	INFO:	
**************************************
******** 2023-02-08 16:29:45 *********
**************************************
certificateForm.py.submit#133	INFO:	collectedFormadata: {'marriageDate': '2023-02-08', 'groomId': 'kjg', 'brideFather': 'kjgkj', 'groomName': 'kjgkj', 'groomFather': 'kjlgh', 'brideName': 'kjg', 'marriageDate_obj': <tkcalendar.dateentry.DateEntry instance at 0x00000000038A6488>, 'brideAddress': 'kgj', 'brideId': 'gkjg', 'groomAddress': 'kjg', 's_no': '13'}
constants.py.getSavePath#59	INFO:	getSavePath params: 2023-02-08
constants.py.getSavePath#59	INFO:	getSavePath params: 2023-02-08
certificateForm.py.init#161	INFO:	
**************************************
******** 2023-02-08 16:30:25 *********
**************************************
certificateForm.py.submit#133	INFO:	collectedFormadata: {'marriageDate': '2023-02-08', 'groomId': 'kjg', 'brideFather': 'klj', 'groomName': 'kjg', 'groomFather': 'kjgjk', 'brideName': 'kljg', 'marriageDate_obj': <tkcalendar.dateentry.DateEntry instance at 0x00000000040BB4C8>, 'brideAddress': 'g', 'brideId': 'gkjl', 'groomAddress': 'hg', 's_no': '14'}
constants.py.getSavePath#59	INFO:	getSavePath params: 2023-02-08
constants.py.getSavePath#59	INFO:	getSavePath params: 2023-02-08
certificateForm.py.init#161	INFO:	
**************************************
******** 2023-02-08 16:31:13 *********
**************************************
certificateForm.py.init#164	INFO:	
**************************************
******** 2023-02-08 16:31:53 *********
**************************************
certificateForm.py.submit#133	INFO:	collectedFormadata: {'marriageDate': '2023-02-08', 'groomId': 'kjg', 'brideFather': 'kljg', 'groomName': 'dsf', 'groomFather': 'jhg', 'brideName': 'kg', 'marriageDate_obj': <tkcalendar.dateentry.DateEntry instance at 0x0000000003CAB508>, 'brideAddress': 'kg', 'brideId': 'kjlglk', 'groomAddress': 'jhg', 's_no': '15'}
constants.py.getSavePath#59	INFO:	getSavePath params: 2023-02-08
constants.py.getSavePath#59	INFO:	getSavePath params: 2023-02-08
certificateForm.py.init#165	INFO:	
**************************************
******** 2023-02-08 16:32:24 *********
**************************************
certificateForm.py.init#165	INFO:	
**************************************
******** 2023-02-08 16:32:40 *********
**************************************
certificateForm.py.init#164	INFO:	
**************************************
******** 2023-02-08 16:32:54 *********
**************************************
certificateForm.py.submit#133	INFO:	collectedFormadata: {'marriageDate': '2023-02-08', 'groomId': 'gklj', 'brideFather': 'gkj', 'groomName': 'jgkj', 'groomFather': 'gkj', 'brideName': 'gkj', 'marriageDate_obj': <tkcalendar.dateentry.DateEntry instance at 0x00000000039BB548>, 'brideAddress': 'kjgk', 'brideId': 'gkjg', 'groomAddress': 'gkjl', 's_no': '16'}
constants.py.getSavePath#59	INFO:	getSavePath params: 2023-02-08
constants.py.getSavePath#59	INFO:	getSavePath params: 2023-02-08
certificateForm.py.init#164	INFO:	
**************************************
******** 2023-02-08 16:36:21 *********
**************************************
certificateForm.py.submit#139	INFO:	collectedFormadata: {'marriageDate': '2023-02-08', 'groomId': 'gjk', 'brideFather': 'gkjl', 'groomName': 'g', 'groomFather': 'jkgjk', 'brideName': 'gkjl', 'marriageDate_obj': <tkcalendar.dateentry.DateEntry instance at 0x00000000044745C8>, 'brideAddress': 'glkg', 'brideId': 'glk', 'groomAddress': 'gkj', 's_no': '17'}
constants.py.getSavePath#59	INFO:	getSavePath params: 2023-02-08
constants.py.getSavePath#59	INFO:	getSavePath params: 2023-02-08
certificateForm.py.init#165	INFO:	
**************************************
******** 2023-02-08 16:38:38 *********
**************************************
certificateForm.py.init#165	INFO:	
**************************************
******** 2023-02-08 16:39:26 *********
**************************************
certificateForm.py.submit#140	INFO:	collectedFormadata: {'marriageDate': '2023-02-08', 'groomId': 'jklfjkl', 'brideFather': 'fjkh', 'groomName': 'f', 'groomFather': 'jkhfg', 'brideName': 'hfjk', 'marriageDate_obj': <tkcalendar.dateentry.DateEntry instance at 0x00000000039425C8>, 'brideAddress': 'kj', 'brideId': 'fjhkf', 'groomAddress': 'jk', 's_no': '18'}
constants.py.getSavePath#59	INFO:	getSavePath params: 2023-02-08
constants.py.getSavePath#59	INFO:	getSavePath params: 2023-02-08
certificateForm.py.init#169	INFO:	
**************************************
******** 2023-02-08 16:40:39 *********
**************************************
certificateForm.py.init#169	INFO:	
**************************************
******** 2023-02-08 16:40:44 *********
**************************************
certificateForm.py.init#169	INFO:	
**************************************
******** 2023-02-08 16:43:07 *********
**************************************
certificateForm.py.init#169	INFO:	
**************************************
******** 2023-02-08 17:09:43 *********
**************************************
certificateForm.py.init#169	INFO:	
**************************************
******** 2023-02-08 17:11:32 *********
**************************************
certificateForm.py.init#169	INFO:	
**************************************
******** 2023-02-08 17:11:40 *********
**************************************
certificateForm.py.init#169	INFO:	
**************************************
******** 2023-02-08 17:13:19 *********
**************************************
certificateForm.py.init#169	INFO:	
**************************************
******** 2023-02-08 17:41:15 *********
**************************************
certificateForm.py.submit#144	INFO:	collectedFormadata: {'marriageDate': 'afdsdas2023-02-08', 'groomId': 'fdsaads', 'brideFather': 'sdaf', 'groomName': '111', 'groomFather': 'sfda', 'brideName': 'sdafdsa', 'marriageDate_obj': <tkcalendar.dateentry.DateEntry instance at 0x00000000050A3D48>, 'brideAddress': 'dsfasd', 'brideId': 'sdfa', 'groomAddress': 'afdfdsa', 's_no': '19'}
constants.py.getSavePath#59	INFO:	getSavePath params: afdsdas2023-02-08
certificateForm.py.submit#144	INFO:	collectedFormadata: {'marriageDate': '2023-02-08', 'groomId': 'fdsaads', 'brideFather': 'sdaf', 'groomName': '111', 'groomFather': 'sfda', 'brideName': 'sdafdsa', 'marriageDate_obj': <tkcalendar.dateentry.DateEntry instance at 0x00000000050A3D48>, 'brideAddress': 'dsfasd', 'brideId': 'sdfa', 'groomAddress': 'afdfdsa', 's_no': '19'}
constants.py.getSavePath#59	INFO:	getSavePath params: 2023-02-08
constants.py.getSavePath#59	INFO:	getSavePath params: 2023-02-08
certificateForm.py.init#169	INFO:	
**************************************
******** 2023-02-08 17:42:06 *********
**************************************
certificateForm.py.submit#144	INFO:	collectedFormadata: {'marriageDate': '2023-02-08', 'groomId': 'hlkj', 'brideFather': 'gkjg', 'groomName': '1111', 'groomFather': 'jhfv', 'brideName': 'gkj', 'marriageDate_obj': <tkcalendar.dateentry.DateEntry instance at 0x00000000050DED88>, 'brideAddress': 'gkjg', 'brideId': 'ljkl', 'groomAddress': 'gkj', 's_no': '20'}
certificateForm.py.submit#144	INFO:	collectedFormadata: {'marriageDate': '2023-02-08', 'groomId': 'hlkj', 'brideFather': 'gkjg', 'groomName': '11112', 'groomFather': 'jhfv', 'brideName': 'gkj', 'marriageDate_obj': <tkcalendar.dateentry.DateEntry instance at 0x00000000050DED88>, 'brideAddress': 'gkjg', 'brideId': 'ljkl', 'groomAddress': 'gkj', 's_no': '20'}
constants.py.getSavePath#59	INFO:	getSavePath params: 2023-02-08
constants.py.getSavePath#59	INFO:	getSavePath params: 2023-02-08
certificateForm.py.init#169	INFO:	
**************************************
******** 2023-02-08 17:43:22 *********
**************************************
certificateForm.py.submit#144	INFO:	collectedFormadata: {'marriageDate': '2023-02-08', 'groomId': 'jhfgjh', 'brideFather': 'kjgjkg', 'groomName': 'fjkg', 'groomFather': 'jhgjh', 'brideName': '11', 'marriageDate_obj': <tkcalendar.dateentry.DateEntry instance at 0x000000000599CDC8>, 'brideAddress': 'gkj', 'brideId': 'jkgkj', 'groomAddress': 'jhgjkh', 's_no': '21'}
constants.py.getSavePath#59	INFO:	getSavePath params: 2023-02-08
constants.py.getSavePath#59	INFO:	getSavePath params: 2023-02-08
certificateForm.py.init#169	INFO:	
**************************************
******** 2023-02-08 17:44:02 *********
**************************************
certificateForm.py.submit#144	INFO:	collectedFormadata: {'marriageDate': '2023-02-08', 'groomId': 'jg', 'brideFather': 'jklg', 'groomName': 'gukj', 'groomFather': 'gkj', 'brideName': 'kjg', 'marriageDate_obj': <tkcalendar.dateentry.DateEntry instance at 0x0000000005E1EE08>, 'brideAddress': 'jklg', 'brideId': 'ljkg', 'groomAddress': 'gk', 's_no': '22'}
constants.py.getSavePath#59	INFO:	getSavePath params: 2023-02-08
constants.py.getSavePath#59	INFO:	getSavePath params: 2023-02-08
certificateForm.py.init#169	INFO:	
**************************************
******** 2023-02-08 17:44:46 *********
**************************************
certificateForm.py.submit#144	INFO:	collectedFormadata: {'marriageDate': '2023-02-08', 'groomId': 'klj', 'brideFather': 'gkj', 'groomName': 'h', 'groomFather': 'kjlh', 'brideName': 'gklj', 'marriageDate_obj': <tkcalendar.dateentry.DateEntry instance at 0x0000000005183E48>, 'brideAddress': ';lh;', 'brideId': 'hl;h', 'groomAddress': 'kljh', 's_no': '23'}
constants.py.getSavePath#59	INFO:	getSavePath params: 2023-02-08
constants.py.getSavePath#59	INFO:	getSavePath params: 2023-02-08
certificateForm.py.init#169	INFO:	
**************************************
******** 2023-02-08 17:45:37 *********
**************************************
certificateForm.py.submit#144	INFO:	collectedFormadata: {'marriageDate': '2023-02-08', 'groomId': 'hl;k', 'brideFather': 'hl;k', 'groomName': 'jkhg', 'groomFather': 'klj', 'brideName': 'hl;k', 'marriageDate_obj': <tkcalendar.dateentry.DateEntry instance at 0x00000000036878C8>, 'brideAddress': 'h;l', 'brideId': 'h;kl', 'groomAddress': 'hl;k', 's_no': '24'}
constants.py.getSavePath#59	INFO:	getSavePath params: 2023-02-08
constants.py.getSavePath#59	INFO:	getSavePath params: 2023-02-08
certificateForm.py.init#169	INFO:	
**************************************
******** 2023-02-08 17:46:49 *********
**************************************
certificateForm.py.init#176	INFO:	
**************************************
******** 2023-02-08 17:50:01 *********
**************************************
certificateForm.py.init#176	INFO:	
**************************************
******** 2023-02-08 17:50:12 *********
**************************************
certificateForm.py.init#176	INFO:	
**************************************
******** 2023-02-08 17:50:20 *********
**************************************
constants.py.getSavePath#59	INFO:	getSavePath params: 
certificateForm.py.init#180	INFO:	
**************************************
******** 2023-02-08 17:55:23 *********
**************************************
certificateForm.py.submit#155	INFO:	collectedFormadata: {'marriageDate': '2023-02-08', 'groomId': '', 'brideFather': '', 'groomName': '', 'groomFather': '', 'brideName': '', 'marriageDate_obj': <tkcalendar.dateentry.DateEntry instance at 0x00000000040F3B08>, 'brideAddress': '', 'brideId': '', 'groomAddress': '', 's_no': '25'}
certificateForm.py.init#180	INFO:	
**************************************
******** 2023-02-08 17:55:55 *********
**************************************
certificateForm.py.submit#155	INFO:	collectedFormadata: {'marriageDate': '2023-02-08', 'groomId': '', 'brideFather': '', 'groomName': '', 'groomFather': '', 'brideName': '', 'marriageDate_obj': <tkcalendar.dateentry.DateEntry instance at 0x0000000003FA3B08>, 'brideAddress': '', 'brideId': '', 'groomAddress': '', 's_no': '25'}
constants.py.getSavePath#59	INFO:	getSavePath params: 2023-02-08
certificateForm.py.init#176	INFO:	
**************************************
******** 2023-02-08 18:02:49 *********
**************************************
certificateForm.py.submit#151	INFO:	collectedFormadata: {'marriageDate': '2023-02-08', 'groomId': 'jkg', 'brideFather': 'kjlg', 'groomName': 'ug', 'groomFather': 'kg', 'brideName': 'kjg', 'marriageDate_obj': <tkcalendar.dateentry.DateEntry instance at 0x0000000004170B48>, 'brideAddress': 'lk', 'brideId': 'lkjg', 'groomAddress': 'jkg', 's_no': '25'}
constants.py.getSavePath#59	INFO:	getSavePath params: 2023-02-08
constants.py.getSavePath#59	INFO:	getSavePath params: 2023-02-08
constants.py.getSavePath#59	INFO:	getSavePath params: 2023-02-08
constants.py.getSavePath#59	INFO:	getSavePath params: 2023-02-08
certificateForm.py.init#176	INFO:	
**************************************
******** 2023-02-08 18:03:30 *********
**************************************
certificateForm.py.submit#151	INFO:	collectedFormadata: {'marriageDate': '2023-02-08', 'groomId': '', 'brideFather': '', 'groomName': '', 'groomFather': '', 'brideName': '', 'marriageDate_obj': <tkcalendar.dateentry.DateEntry instance at 0x000000000439EB08>, 'brideAddress': '', 'brideId': '', 'groomAddress': '', 's_no': '26'}
constants.py.getSavePath#59	INFO:	getSavePath params: 2023-02-08
certificateForm.py.submit#151	INFO:	collectedFormadata: {'marriageDate': '2023-02-08', 'groomId': 'lgk', 'brideFather': 'gljk', 'groomName': 'g', 'groomFather': 'kjg', 'brideName': 'jlgkjl', 'marriageDate_obj': <tkcalendar.dateentry.DateEntry instance at 0x000000000439EB08>, 'brideAddress': 'jkg', 'brideId': 'gkljgl', 'groomAddress': 'jkgjk', 's_no': '26'}
constants.py.getSavePath#59	INFO:	getSavePath params: 2023-02-08
certificateForm.py.submit#151	INFO:	collectedFormadata: {'marriageDate': '2023-02-08', 'groomId': 'lgk', 'brideFather': 'gljk', 'groomName': 'g', 'groomFather': 'kjg', 'brideName': 'jlgkjl', 'marriageDate_obj': <tkcalendar.dateentry.DateEntry instance at 0x000000000439EB08>, 'brideAddress': 'jkg', 'brideId': 'gkljgl', 'groomAddress': 'jkgjk', 's_no': '26'}
constants.py.getSavePath#59	INFO:	getSavePath params: 2023-02-08
constants.py.getSavePath#59	INFO:	getSavePath params: 2023-02-08
constants.py.getSavePath#59	INFO:	getSavePath params: 2023-02-08
certificateForm.py.init#192	INFO:	
**************************************
******** 2023-02-08 18:16:37 *********
**************************************
certificateForm.py.submit#166	INFO:	collectedFormadata: {'marriageDate': '2023-02-08', 'groomId': 'lgkjl', 'brideFather': 'gkj', 'groomName': 'xg', 'groomFather': 'kjgklj', 'brideName': 'gkj', 'marriageDate_obj': <tkcalendar.dateentry.DateEntry instance at 0x00000000057C2348>, 'brideAddress': 'glk', 'brideId': 'gjk', 'groomAddress': 'gjk', 's_no': '27'}
constants.py.getSavePath#59	INFO:	getSavePath params: 2023-02-08
constants.py.getSavePath#59	INFO:	getSavePath params: 2023-02-08
constants.py.getSavePath#59	INFO:	getSavePath params: 2023-02-08
constants.py.getSavePath#59	INFO:	getSavePath params: 
certificateForm.py.init#195	INFO:	
**************************************
******** 2023-02-08 18:18:54 *********
**************************************
certificateForm.py.init#192	INFO:	
**************************************
******** 2023-02-08 18:20:04 *********
**************************************
certificateForm.py.init#190	INFO:	
**************************************
******** 2023-02-08 18:27:42 *********
**************************************
certificateForm.py.init#192	INFO:	
**************************************
******** 2023-02-08 18:27:57 *********
**************************************
certificateForm.py.init#199	INFO:	
**************************************
******** 2023-02-08 18:34:05 *********
**************************************
certificateForm.py.init#199	INFO:	
**************************************
******** 2023-02-08 18:35:04 *********
**************************************
certificateForm.py.submit#173	INFO:	collectedFormadata: {'marriageDate': '2023-02-08', 'groomId': '', 'brideFather': '', 'groomName': '', 'groomFather': '', 'brideName': '', 'marriageDate_obj': <tkcalendar.dateentry.DateEntry instance at 0x0000000004489C08>, 'brideAddress': '', 'brideId': '', 'groomAddress': '', 's_no': '28'}
certificateForm.py.init#199	INFO:	
**************************************
******** 2023-02-08 18:35:12 *********
**************************************
certificateForm.py.submit#173	INFO:	collectedFormadata: {'marriageDate': '2023-02-08', 'groomId': 'kjg', 'brideFather': 'gkjl', 'groomName': 'jhg', 'groomFather': 'jkg', 'brideName': 'kj', 'marriageDate_obj': <tkcalendar.dateentry.DateEntry instance at 0x0000000003A79C08>, 'brideAddress': 'glkg', 'brideId': 'gkj', 'groomAddress': 'jkg', 's_no': '28'}
certificateForm.py.init#198	INFO:	
**************************************
******** 2023-02-08 18:36:09 *********
**************************************
certificateForm.py.submit#172	INFO:	collectedFormadata: {'marriageDate': '2023-02-08', 'groomId': 'fjhf', 'brideFather': 'fjh', 'groomName': 'jhgj', 'groomFather': 'jhg', 'brideName': 'gjhk', 'marriageDate_obj': <tkcalendar.dateentry.DateEntry instance at 0x000000000401BC08>, 'brideAddress': 'jk', 'brideId': 'fjhkf', 'groomAddress': 'jh', 's_no': '28'}
certificateForm.py.submit#172	INFO:	collectedFormadata: {'marriageDate': '2023-02-08', 'groomId': 'fjhf', 'brideFather': 'fjh', 'groomName': 'jhgj', 'groomFather': 'jhg', 'brideName': 'gjhk', 'marriageDate_obj': <tkcalendar.dateentry.DateEntry instance at 0x000000000401BC08>, 'brideAddress': 'jk', 'brideId': 'fjhkf', 'groomAddress': 'jh', 's_no': '28'}
constants.py.getSavePath#59	INFO:	getSavePath params: 2023-02-08
constants.py.getSavePath#59	INFO:	getSavePath params: 2023-02-08
constants.py.getSavePath#59	INFO:	getSavePath params: 2023-02-08
constants.py.getSavePath#59	INFO:	getSavePath params: 2023-02-08
certificateForm.py.init#173	INFO:	
**************************************
******** 2023-02-08 18:37:34 *********
**************************************
certificateForm.py.submit#149	INFO:	collectedFormadata: {'marriageDate': '2023-02-08', 'groomId': 'kjg', 'brideFather': 'g', 'groomName': 'jg', 'groomFather': 'kg', 'brideName': 'kljgkj', 'marriageDate_obj': <tkcalendar.dateentry.DateEntry instance at 0x000000000463BC48>, 'brideAddress': 'kj', 'brideId': 'kjg', 'groomAddress': 'jkg', 's_no': '29'}
certificateForm.py.submit#149	INFO:	collectedFormadata: {'marriageDate': '2023-02-08', 'groomId': 'kjg', 'brideFather': 'g', 'groomName': 'jg', 'groomFather': 'kg', 'brideName': 'kljgkj', 'marriageDate_obj': <tkcalendar.dateentry.DateEntry instance at 0x000000000463BC48>, 'brideAddress': 'kj', 'brideId': 'kjg', 'groomAddress': 'jkg', 's_no': '29'}
constants.py.getSavePath#59	INFO:	getSavePath params: 2023-02-08
constants.py.getSavePath#59	INFO:	getSavePath params: 2023-02-08
certificateForm.py.init#173	INFO:	
**************************************
******** 2023-02-08 18:43:24 *********
**************************************
certificateForm.py.init#173	INFO:	
**************************************
******** 2023-02-08 18:43:24 *********
**************************************
certificateForm.py.submit#149	INFO:	collectedFormadata: {'marriageDate': '2023-02-08', 'groomId': 'H', 'brideFather': 'UHH', 'groomName': 'IH', 'groomFather': 'I', 'brideName': 'H', 'marriageDate_obj': <tkcalendar.dateentry.DateEntry instance at 0x00000000053E3FC8>, 'brideAddress': 'HH', 'brideId': 'H', 'groomAddress': '', 's_no': '30'}
certificateForm.py.submit#149	INFO:	collectedFormadata: {'marriageDate': '2023-02-08', 'groomId': 'H', 'brideFather': 'UHH', 'groomName': 'IH', 'groomFather': 'I', 'brideName': 'H', 'marriageDate_obj': <tkcalendar.dateentry.DateEntry instance at 0x00000000053E3FC8>, 'brideAddress': 'HH', 'brideId': 'H', 'groomAddress': '', 's_no': '30'}
certificateForm.py.submit#149	INFO:	collectedFormadata: {'marriageDate': '2023-02-08', 'groomId': 'H', 'brideFather': 'UHH', 'groomName': 'IH', 'groomFather': '', 'brideName': 'H', 'marriageDate_obj': <tkcalendar.dateentry.DateEntry instance at 0x00000000053E3FC8>, 'brideAddress': 'HH', 'brideId': 'H', 'groomAddress': 'KL', 's_no': '30'}
certificateForm.py.submit#149	INFO:	collectedFormadata: {'marriageDate': '2023-02-08', 'groomId': 'H', 'brideFather': 'UHH', 'groomName': 'IH', 'groomFather': 'KO', 'brideName': 'H', 'marriageDate_obj': <tkcalendar.dateentry.DateEntry instance at 0x00000000053E3FC8>, 'brideAddress': 'HH', 'brideId': 'H', 'groomAddress': 'KL', 's_no': '30'}
constants.py.getSavePath#59	INFO:	getSavePath params: 2023-02-08
constants.py.getSavePath#59	INFO:	getSavePath params: 2023-02-08
constants.py.getSavePath#59	INFO:	getSavePath params: 2023-02-08
constants.py.getSavePath#59	INFO:	getSavePath params: 2023-02-08
constants.py.getSavePath#59	INFO:	getSavePath params: 
certificateForm.py.init#173	INFO:	
**************************************
******** 2023-02-08 18:43:24 *********
**************************************
certificateForm.py.submit#149	INFO:	collectedFormadata: {'marriageDate': '2023-02-08', 'groomId': 'in', 'brideFather': 'ijn', 'groomName': 'KJMOnmjnjn', 'groomFather': 'jin', 'brideName': 'in', 'marriageDate_obj': <tkcalendar.dateentry.DateEntry instance at 0x0000000005817888>, 'brideAddress': 'in', 'brideId': 'ijhn', 'groomAddress': 'hijn', 's_no': '31'}
constants.py.getSavePath#59	INFO:	getSavePath params: 2023-02-08
certificateForm.py.submit#149	INFO:	collectedFormadata: {'marriageDate': '2023-02-08', 'groomId': 'in', 'brideFather': 'ijn', 'groomName': 'KJMOnmjnjn', 'groomFather': 'jin', 'brideName': 'in', 'marriageDate_obj': <tkcalendar.dateentry.DateEntry instance at 0x0000000005817888>, 'brideAddress': 'in', 'brideId': 'ijhn', 'groomAddress': 'hijn', 's_no': '32'}
certificateForm.py.init#181	INFO:	
**************************************
******** 2023-02-08 18:48:54 *********
**************************************
certificateForm.py.submit#157	INFO:	collectedFormadata: {'marriageDate': '2023-02-08', 'groomId': 'kj', 'brideFather': 'gkjl', 'groomName': 'kjg', 'groomFather': 'jkg', 'brideName': 'gjk', 'marriageDate_obj': <tkcalendar.dateentry.DateEntry instance at 0x00000000038DAEC8>, 'brideAddress': 'kj', 'brideId': 'gklglk;', 'groomAddress': 'kjg', 's_no': '32'}
constants.py.getSavePath#59	INFO:	getSavePath params: 2023-02-08
certificateForm.py.init#184	INFO:	
**************************************
******** 2023-02-08 18:49:46 *********
**************************************
certificateForm.py.submit#160	INFO:	collectedFormadata: {'marriageDate': '2023-02-08', 'groomId': '', 'brideFather': '', 'groomName': '', 'groomFather': '', 'brideName': '', 'marriageDate_obj': <tkcalendar.dateentry.DateEntry instance at 0x0000000003CEFF48>, 'brideAddress': '', 'brideId': '', 'groomAddress': '', 's_no': '33'}
certificateForm.py.init#184	INFO:	
**************************************
******** 2023-02-08 18:50:01 *********
**************************************
certificateForm.py.submit#160	INFO:	collectedFormadata: {'marriageDate': '2023-02-08', 'groomId': '', 'brideFather': '', 'groomName': '', 'groomFather': '', 'brideName': '', 'marriageDate_obj': <tkcalendar.dateentry.DateEntry instance at 0x000000000434FF48>, 'brideAddress': '', 'brideId': '', 'groomAddress': '', 's_no': '33'}
certificateForm.py.init#185	INFO:	
**************************************
******** 2023-02-08 18:51:14 *********
**************************************
certificateForm.py.submit#161	INFO:	collectedFormadata: {'marriageDate': '2023-02-08', 'groomId': '', 'brideFather': '', 'groomName': '', 'groomFather': '', 'brideName': '', 'marriageDate_obj': <tkcalendar.dateentry.DateEntry instance at 0x000000000383DF48>, 'brideAddress': '', 'brideId': '', 'groomAddress': '', 's_no': '33'}
certificateForm.py.init#185	INFO:	
**************************************
******** 2023-02-08 18:51:30 *********
**************************************
certificateForm.py.submit#161	INFO:	collectedFormadata: {'marriageDate': '2023-02-08', 'groomId': '', 'brideFather': '', 'groomName': '', 'groomFather': '', 'brideName': '', 'marriageDate_obj': <tkcalendar.dateentry.DateEntry instance at 0x00000000039F9F48>, 'brideAddress': '', 'brideId': '', 'groomAddress': '', 's_no': '33'}
certificateForm.py.init#185	INFO:	
**************************************
******** 2023-02-08 18:52:08 *********
**************************************
certificateForm.py.submit#161	INFO:	collectedFormadata: {'marriageDate': '2023-02-08', 'groomId': '', 'brideFather': '', 'groomName': '', 'groomFather': '', 'brideName': '', 'marriageDate_obj': <tkcalendar.dateentry.DateEntry instance at 0x0000000003D49F48>, 'brideAddress': '', 'brideId': '', 'groomAddress': '', 's_no': '33'}
certificateForm.py.init#181	INFO:	
**************************************
******** 2023-02-08 18:52:50 *********
**************************************
certificateForm.py.submit#157	INFO:	collectedFormadata: {'marriageDate': '2023-02-08', 'groomId': 'gk', 'brideFather': 'gk', 'groomName': 'gkj', 'groomFather': 'gjk', 'brideName': 'g', 'marriageDate_obj': <tkcalendar.dateentry.DateEntry instance at 0x0000000003DD1F08>, 'brideAddress': 'gkjl', 'brideId': 'gklj', 'groomAddress': 'gkj', 's_no': '33'}
certificateForm.py.submit#157	INFO:	collectedFormadata: {'marriageDate': '2023-02-08', 'groomId': 'gk', 'brideFather': 'gk', 'groomName': 'gkj', 'groomFather': 'gjk', 'brideName': 'g', 'marriageDate_obj': <tkcalendar.dateentry.DateEntry instance at 0x0000000003DD1F08>, 'brideAddress': 'gkjl', 'brideId': 'gklj', 'groomAddress': 'gkj', 's_no': '33'}
constants.py.getSavePath#59	INFO:	getSavePath params: 2023-02-08
constants.py.getSavePath#59	INFO:	getSavePath params: 2023-02-08
constants.py.getSavePath#59	INFO:	getSavePath params: 2023-02-08
certificateForm.py.init#181	INFO:	
**************************************
******** 2023-02-08 18:53:59 *********
**************************************
certificateForm.py.submit#157	INFO:	collectedFormadata: {'marriageDate': '2023-02-08', 'groomId': 'gkl', 'brideFather': 'gkjl', 'groomName': 'ohg', 'groomFather': 'kj', 'brideName': 'gklj', 'marriageDate_obj': <tkcalendar.dateentry.DateEntry instance at 0x0000000003A92FC8>, 'brideAddress': 'gl', 'brideId': 'gklj', 'groomAddress': 'gk', 's_no': '34'}
constants.py.getSavePath#59	INFO:	getSavePath params: 2023-02-08
certificateForm.py.init#181	INFO:	
**************************************
******** 2023-02-08 18:54:32 *********
**************************************
certificateForm.py.submit#157	INFO:	collectedFormadata: {'marriageDate': '2023-02-08', 'groomId': 'kjg', 'brideFather': 'gkjlg', 'groomName': 'jkg', 'groomFather': 'lkjg', 'brideName': 'kl', 'marriageDate_obj': <tkcalendar.dateentry.DateEntry instance at 0x00000000038C6048>, 'brideAddress': 'gkl', 'brideId': 'kjl', 'groomAddress': 'kjg', 's_no': '35'}
constants.py.getSavePath#59	INFO:	getSavePath params: 2023-02-08
certificateForm.py.init#181	INFO:	
**************************************
******** 2023-02-08 18:54:48 *********
**************************************
certificateForm.py.submit#157	INFO:	collectedFormadata: {'marriageDate': '2023-02-08', 'groomId': 'jkg', 'brideFather': 'klg', 'groomName': 'g', 'groomFather': 'kg', 'brideName': 'klg', 'marriageDate_obj': <tkcalendar.dateentry.DateEntry instance at 0x0000000003AD5088>, 'brideAddress': 'gl', 'brideId': 'lkljk', 'groomAddress': 'kg', 's_no': '36'}
constants.py.getSavePath#59	INFO:	getSavePath params: 2023-02-08
certificateForm.py.init#181	INFO:	
**************************************
******** 2023-02-08 18:55:04 *********
**************************************
certificateForm.py.submit#157	INFO:	collectedFormadata: {'marriageDate': '2023-02-08', 'groomId': 'KJG', 'brideFather': 'KLG', 'groomName': 'JHG', 'groomFather': 'G', 'brideName': 'KJLG', 'marriageDate_obj': <tkcalendar.dateentry.DateEntry instance at 0x00000000040810C8>, 'brideAddress': 'L', 'brideId': 'LKG', 'groomAddress': 'KJG', 's_no': '37'}
constants.py.getSavePath#59	INFO:	getSavePath params: 2023-02-08
certificateForm.py.init#181	INFO:	
**************************************
******** 2023-02-08 18:56:26 *********
**************************************
certificateForm.py.init#181	INFO:	
**************************************
******** 2023-02-08 18:57:01 *********
**************************************
certificateForm.py.submit#157	INFO:	collectedFormadata: {'marriageDate': '2023-02-08', 'groomId': '', 'brideFather': '', 'groomName': '', 'groomFather': '', 'brideName': '', 'marriageDate_obj': <tkcalendar.dateentry.DateEntry instance at 0x0000000003D97148>, 'brideAddress': '', 'brideId': '', 'groomAddress': '', 's_no': '38'}
certificateForm.py.init#181	INFO:	
**************************************
******** 2023-02-08 18:57:27 *********
**************************************
certificateForm.py.submit#157	INFO:	collectedFormadata: {'marriageDate': '2023-02-08', 'groomId': '', 'brideFather': '', 'groomName': '', 'groomFather': '', 'brideName': '', 'marriageDate_obj': <tkcalendar.dateentry.DateEntry instance at 0x0000000003E17108>, 'brideAddress': '', 'brideId': '', 'groomAddress': '', 's_no': '38'}
certificateForm.py.init#181	INFO:	
**************************************
******** 2023-02-08 18:57:44 *********
**************************************
certificateForm.py.init#181	INFO:	
**************************************
******** 2023-02-08 18:58:30 *********
**************************************
certificateForm.py.init#181	INFO:	
**************************************
******** 2023-02-08 18:58:51 *********
**************************************
certificateForm.py.init#181	INFO:	
**************************************
******** 2023-02-08 18:59:30 *********
**************************************
certificateForm.py.init#182	INFO:	
**************************************
******** 2023-02-08 19:00:51 *********
**************************************
certificateForm.py.submit#158	INFO:	collectedFormadata: {'marriageDate': '2023-02-08', 'groomId': '', 'brideFather': '', 'groomName': '', 'groomFather': '', 'brideName': '', 'marriageDate_obj': <tkcalendar.dateentry.DateEntry instance at 0x0000000003A07148>, 'brideAddress': '', 'brideId': '', 'groomAddress': '', 's_no': '38'}
certificateForm.py.init#182	INFO:	
**************************************
******** 2023-02-08 19:01:50 *********
**************************************
certificateForm.py.init#182	INFO:	
**************************************
******** 2023-02-08 19:02:31 *********
**************************************
certificateForm.py.init#182	INFO:	
**************************************
******** 2023-02-08 19:02:47 *********
**************************************
certificateForm.py.init#182	INFO:	
**************************************
******** 2023-02-08 19:02:52 *********
**************************************
certificateForm.py.init#181	INFO:	
**************************************
******** 2023-02-08 19:03:18 *********
**************************************
certificateForm.py.submit#157	INFO:	collectedFormadata: {'marriageDate': '2023-02-08', 'groomId': 'KGK', 'brideFather': 'LG', 'groomName': 'HG', 'groomFather': 'KH', 'brideName': 'JGK', 'marriageDate_obj': <tkcalendar.dateentry.DateEntry instance at 0x0000000004253108>, 'brideAddress': 'LKGLK', 'brideId': 'LKJG', 'groomAddress': 'KG', 's_no': '38'}
constants.py.getSavePath#59	INFO:	getSavePath params: 2023-02-08
constants.py.getSavePath#59	INFO:	getSavePath params: 2023-02-08
constants.py.getSavePath#59	INFO:	getSavePath params: 2023-02-08
certificateForm.py.init#181	INFO:	
**************************************
******** 2023-02-08 19:03:18 *********
**************************************
certificateForm.py.submit#157	INFO:	collectedFormadata: {'marriageDate': '2023-02-08', 'groomId': '', 'brideFather': '', 'groomName': '', 'groomFather': '', 'brideName': '', 'marriageDate_obj': <tkcalendar.dateentry.DateEntry instance at 0x000000000534F808>, 'brideAddress': '', 'brideId': '', 'groomAddress': '', 's_no': '39'}
certificateForm.py.init#181	INFO:	
**************************************
******** 2023-02-08 22:13:16 *********
**************************************
certificateForm.py.init#181	INFO:	
**************************************
******** 2023-02-08 22:14:08 *********
**************************************
certificateForm.py.init#181	INFO:	
**************************************
******** 2023-02-08 22:15:03 *********
**************************************
certificateForm.py.submit#157	INFO:	collectedFormadata: {'marriageDate': '2023-02-08', 'groomId': 'GKJ', 'brideFather': 'GKJ', 'groomName': 'KJG', 'groomFather': 'KLJGKJ', 'brideName': 'GKJ', 'marriageDate_obj': <tkcalendar.dateentry.DateEntry instance at 0x0000000003C93148>, 'brideAddress': 'KG', 'brideId': 'GKL', 'groomAddress': 'GKJ', 's_no': '39'}
constants.py.getSavePath#59	INFO:	getSavePath params: 2023-02-08
certificateForm.py.init#186	INFO:	
**************************************
******** 2023-02-08 22:16:16 *********
**************************************
certificateForm.py.init#186	INFO:	
**************************************
******** 2023-02-08 22:16:32 *********
**************************************
certificateForm.py.init#186	INFO:	
**************************************
******** 2023-02-08 22:16:40 *********
**************************************
certificateForm.py.init#186	INFO:	
**************************************
******** 2023-02-08 22:16:49 *********
**************************************
certificateForm.py.submit#162	INFO:	collectedFormadata: {'marriageDate': '2023-02-08', 'groomId': 'gkj', 'brideFather': 'gk', 'groomName': 'kjg', 'groomFather': 'kj', 'brideName': 'gkj', 'marriageDate_obj': <tkcalendar.dateentry.DateEntry instance at 0x000000000442C248>, 'brideAddress': 'gkl', 'brideId': 'gkj', 'groomAddress': 'gkj', 's_no': '40'}
constants.py.getSavePath#59	INFO:	getSavePath params: 2023-02-08
certificateForm.py.init#186	INFO:	
**************************************
******** 2023-02-08 22:17:15 *********
**************************************
certificateForm.py.init#187	INFO:	
**************************************
******** 2023-02-08 22:17:48 *********
**************************************
certificateForm.py.submit#163	INFO:	collectedFormadata: {'marriageDate': '2023-02-08', 'groomId': '', 'brideFather': '', 'groomName': '', 'groomFather': '', 'brideName': '', 'marriageDate_obj': <tkcalendar.dateentry.DateEntry instance at 0x0000000004599288>, 'brideAddress': '', 'brideId': '', 'groomAddress': '', 's_no': '41'}
constants.py.getSavePath#59	INFO:	getSavePath params: 2023-02-08
constants.py.getSavePath#59	INFO:	getSavePath params: 2023-02-08
certificateForm.py.submit#163	INFO:	collectedFormadata: {'marriageDate': '2023-02-08', 'groomId': '', 'brideFather': '', 'groomName': '', 'groomFather': '', 'brideName': '', 'marriageDate_obj': <tkcalendar.dateentry.DateEntry instance at 0x0000000004599288>, 'brideAddress': '', 'brideId': '', 'groomAddress': '', 's_no': '41'}
certificateForm.py.init#186	INFO:	
**************************************
******** 2023-02-08 22:18:39 *********
**************************************
certificateForm.py.submit#162	INFO:	collectedFormadata: {'marriageDate': '2023-02-08', 'groomId': '', 'brideFather': '', 'groomName': '', 'groomFather': '', 'brideName': '', 'marriageDate_obj': <tkcalendar.dateentry.DateEntry instance at 0x0000000003F76288>, 'brideAddress': '', 'brideId': '', 'groomAddress': '', 's_no': '41'}
certificateForm.py.submit#162	INFO:	collectedFormadata: {'marriageDate': '2023-02-08', 'groomId': 'kj', 'brideFather': 'kj', 'groomName': 'kjg', 'groomFather': 'kj', 'brideName': 'gkjg', 'marriageDate_obj': <tkcalendar.dateentry.DateEntry instance at 0x0000000003F76288>, 'brideAddress': 'lk', 'brideId': 'gkjg', 'groomAddress': 'gkjgjk', 's_no': '41'}
constants.py.getSavePath#59	INFO:	getSavePath params: 2023-02-08
certificateForm.py.submit#162	INFO:	collectedFormadata: {'marriageDate': '2023-02-08', 'groomId': 'kj', 'brideFather': 'kj', 'groomName': 'kjg', 'groomFather': 'kj', 'brideName': 'gkjg', 'marriageDate_obj': <tkcalendar.dateentry.DateEntry instance at 0x0000000003F76288>, 'brideAddress': 'lk', 'brideId': 'gkjg', 'groomAddress': 'gkjgjk', 's_no': '42'}
certificateForm.py.init#186	INFO:	
**************************************
******** 2023-02-08 22:19:21 *********
**************************************
certificateForm.py.submit#162	INFO:	collectedFormadata: {'marriageDate': '2023-02-08', 'groomId': 'hglk', 'brideFather': ';jklhgk', 'groomName': 'hk', 'groomFather': 'lkl', 'brideName': 'jg', 'marriageDate_obj': <tkcalendar.dateentry.DateEntry instance at 0x0000000003DD62C8>, 'brideAddress': 'jlgkj', 'brideId': 'jlgk', 'groomAddress': 'hkj', 's_no': '42'}
constants.py.getSavePath#59	INFO:	getSavePath params: 2023-02-08
constants.py.getSavePath#59	INFO:	getSavePath params: 2023-02-08
constants.py.getSavePath#59	INFO:	getSavePath params: 2023-02-08
constants.py.getSavePath#59	INFO:	getSavePath params: 2023-02-08
certificateForm.py.init#186	INFO:	
**************************************
******** 2023-02-08 22:25:47 *********
**************************************
certificateForm.py.init#186	INFO:	
**************************************
******** 2023-02-08 22:29:27 *********
**************************************
certificateForm.py.init#186	INFO:	
**************************************
******** 2023-02-08 22:30:53 *********
**************************************
certificateForm.py.init#186	INFO:	
**************************************
******** 2023-02-08 22:31:11 *********
**************************************
certificateForm.py.init#187	INFO:	
**************************************
******** 2023-02-08 22:34:17 *********
**************************************
certificateForm.py.submit#162	INFO:	collectedFormadata: {'marriageDate': '2023-02-08', 'groomId': 'g', 'brideFather': 'g', 'groomName': 'jh', 'groomFather': 'gjk', 'brideName': 'jkgkl', 'marriageDate_obj': <tkcalendar.dateentry.DateEntry instance at 0x0000000003E243C8>, 'brideAddress': 'l', 'brideId': 'klgk', 'groomAddress': 'gjk', 's_no': '43'}
constants.py.getSavePath#61	INFO:	getSavePath params: 2023-02-08
constants.py.getSavePath#61	INFO:	getSavePath params: 2023-02-08
certificateForm.py.init#187	INFO:	
**************************************
******** 2023-02-08 22:34:17 *********
**************************************
certificateForm.py.submit#162	INFO:	collectedFormadata: {'marriageDate': '2023-02-08', 'groomId': '453768686908-7', 'brideFather': 'abc father Singh', 'groomName': 'abd singh', 'groomFather': 'abc father singh', 'brideName': 'abc Kaur', 'marriageDate_obj': <tkcalendar.dateentry.DateEntry instance at 0x0000000005021288>, 'brideAddress': '4798 95694430478032 4234 092183-12947 02345032847 -02370', 'brideId': '386487260790 95 40', 'groomAddress': '434 3h 34 k4h2k3 42k34 k4h23kl 4hk234 gk234h23k4 k234k23 423k432k4 32kj4g 23k4g2k4g 23k', 's_no': '44'}
constants.py.getSavePath#61	INFO:	getSavePath params: 2023-02-08
constants.py.getSavePath#61	INFO:	getSavePath params: 2023-02-08
constants.py.getSavePath#61	INFO:	getSavePath params: 2023-02-08
certificateForm.py.init#206	INFO:	
**************************************
******** 2023-02-08 22:52:09 *********
**************************************
certificateForm.py.init#206	INFO:	
**************************************
******** 2023-02-08 22:52:13 *********
**************************************
certificateForm.py.submit#181	INFO:	collectedFormadata: {'brideAddress2': '', 'marriageDate': '2023-02-08', 'groomId': 'abcdefghijklnopqurstuvwxyzabcdefghijklnopqurstuvwxyz', 'brideFather': 'abcdefghijklnopqurstuvwxyzabcdefghijklnopqurstuvwxyz', 'groomName': 'abcdefghijklnopqurstuvwxyzabcdefghijklnopqurstuvwxyz', 'groomFather': 'abcdefghijklnopqurstuvwxyzabcdefghijklnopqurstuvwxyz', 'brideName': 'abcdefghijklnopqurstuvwxyzabcdefghijklnopqurstuvwxyz', 'marriageDate_obj': <tkcalendar.dateentry.DateEntry instance at 0x00000000037C0548>, 'brideAddress': 'abcdefghijklnopqurstuvwxyzabcdefghijklnopqurstuvwxyz', 'brideId': 'abcdefghijklnopqurstuvwxyzabcdefghijklnopqurstuvwxyz', 'groomAddress': 'abcdefghijklnopqurstuvwxyzabcdefghijklnopqurstuvwxyz', 's_no': '45'}
certificateForm.py.submit#181	INFO:	collectedFormadata: {'brideAddress2': '', 'marriageDate': '2023-02-08', 'groomId': 'abcdefghijklnopqurstuvwxyzabcdefghijklnopqurstuvwxyz', 'brideFather': 'abcdefghijklnopqurstuvwxyzabcdefghijklnopqurstuvwxyz', 'groomName': 'abcdefghijklnopqurstuvwxyzabcdefghijklnopqurstuvwxyz', 'groomFather': 'abcdefghijklnopqurstuvwxyzabcdefghijklnopqurstuvwxyz', 'brideName': 'abcdefghijklnopqurstuvwxyzabcdefghijklnopqurstuvwxyz', 'marriageDate_obj': <tkcalendar.dateentry.DateEntry instance at 0x00000000037C0548>, 'brideAddress': 'abcdefghijklnopqurstuvwxyzabcdefghijklnopqurstuvwxyz', 'brideId': '32874436547676', 'groomAddress': 'abcdefghijklnopqurstuvwxyzabcdefghijklnopqurstuvwxyz', 's_no': '45'}
certificateForm.py.submit#181	INFO:	collectedFormadata: {'brideAddress2': '', 'marriageDate': '2023-02-08', 'groomId': 'abcdefghijklnopqurstuvwxyzabcdefghijklnopqurstuvwxyz', 'brideFather': 'abcdefghijklnopqurstuvwxyzabcdefghijklnopqurstuvwxyz', 'groomName': 'abcdefghijklnopqurstuvwxyzabcdefghijklnopqurstuvwxyz', 'groomFather': 'abcdefghijklnopqurstuvwxyzabcdefghijklnopqurstuvwxyz', 'brideName': 'abcdefghijklnopqurstuvwxyzabcdefghijklnopqurstuvwxyz', 'marriageDate_obj': <tkcalendar.dateentry.DateEntry instance at 0x00000000037C0548>, 'brideAddress': 'abcdefghijklnopqurstuvwxyzabcdefghijklnopqurstuvwxyz', 'brideId': '32874436547676754537', 'groomAddress': 'abcdefghijklnopqurstuvwxyzabcdefghijklnopqurstuvwxyz', 's_no': '45'}
certificateForm.py.submit#181	INFO:	collectedFormadata: {'brideAddress2': '', 'marriageDate': '2023-02-08', 'groomId': 'abcdefghijklnopqurstuvwxyzabcdefghijklnopqurstuvwxyz', 'brideFather': 'abcdefghijklnopqurstuvwxyzabcdefghijklnopqurstuvwxyz', 'groomName': 'abcdefghijklnopqurstuvwxyzabcdefghijklnopqurstuvwxyz', 'groomFather': 'abcdefghijklnopqurstuvwxyzabcdefghijklnopqurstuvwxyz', 'brideName': 'abcdefghijklnopqurstuvwxyzabcdefghijklnopqurstuvwxyz', 'marriageDate_obj': <tkcalendar.dateentry.DateEntry instance at 0x00000000037C0548>, 'brideAddress': 'abcdefghijklnopqurstuvwxyzabcdefghijklnopqurstuvwxyz', 'brideId': '3287443654767675453', 'groomAddress': 'abcdefghijklnopqurstuvwxyzabcdefghijklnopqurstuvwxyz', 's_no': '45'}
certificateForm.py.submit#181	INFO:	collectedFormadata: {'brideAddress2': '', 'marriageDate': '2023-02-08', 'groomId': 'abcdefghijklnopqurstuvwxyzabcdefghijklnopqurstuvwxyz', 'brideFather': 'abcdefghijklnopqurstuvwxyzabcdefghijklnopqurstuvwxyz', 'groomName': 'abcdefghijklnopqurstuvwxyzabcdefghijklnopqurstuvwxyz', 'groomFather': 'abcdefghijklnopqurstuvwxyzabcdefghijklnopqurstuvwxyz', 'brideName': 'abcdefghijklnopqurstuvwxyzabcdefghijklnopqurstuvwxyz', 'marriageDate_obj': <tkcalendar.dateentry.DateEntry instance at 0x00000000037C0548>, 'brideAddress': 'abcdefghijklnopqurstuvwxyzabcdefghijklnopqurstuvwxyz', 'brideId': '328744365476767545', 'groomAddress': 'abcdefghijklnopqurstuvwxyzabcdefghijklnopqurstuvwxyz', 's_no': '45'}
certificateForm.py.submit#181	INFO:	collectedFormadata: {'brideAddress2': '', 'marriageDate': '2023-02-08', 'groomId': 'abcdefghijklnopqurstuvwxyzabcdefghijklnopqurstuvwxyz', 'brideFather': 'abcdefghijklnopqurstuvwxyzabcdefghijklnopqurstuvwxyz', 'groomName': 'abcdefghijklnopqurstuvwxyzabcdefghijklnopqurstuvwxyz', 'groomFather': 'abcdefghijklnopqurstuvwxyzabcdefghijklnopqurstuvwxyz', 'brideName': 'abcdefghijklnopqurstuvwxyzabcdefghijklnopqurstuvwxyz', 'marriageDate_obj': <tkcalendar.dateentry.DateEntry instance at 0x00000000037C0548>, 'brideAddress': 'abcdefghijklnopqurstuvwxyzabcdefghijklnopqurstuvwxyz', 'brideId': '32874436547676754', 'groomAddress': 'abcdefghijklnopqurstuvwxyzabcdefghijklnopqurstuvwxyz', 's_no': '45'}
certificateForm.py.submit#181	INFO:	collectedFormadata: {'brideAddress2': '', 'marriageDate': '2023-02-08', 'groomId': 'abcdefghijklnopqurstuvwxyzabcdefghijklnopqurstuvwxyz', 'brideFather': 'abcdefghijklnopqurstuvwxyzabcdefghijklnopqurstuvwxyz', 'groomName': 'abcdefghijklnopqurstuvwxyzabcdefghijklnopqurstuvwxyz', 'groomFather': 'abcdefghijklnopqurstuvwxyzabcdefghijklnopqurstuvwxyz', 'brideName': 'abcdefghijklnopqurstuvwxyzabcdefghijklnopqurstuvwxyz', 'marriageDate_obj': <tkcalendar.dateentry.DateEntry instance at 0x00000000037C0548>, 'brideAddress': 'abcdefghijklnopqurstuvwxyzabcdefghijklnopqurstuvwxyz', 'brideId': '3287443654767675', 'groomAddress': 'abcdefghijklnopqurstuvwxyzabcdefghijklnopqurstuvwxyz', 's_no': '45'}
certificateForm.py.submit#181	INFO:	collectedFormadata: {'brideAddress2': '', 'marriageDate': '2023-02-08', 'groomId': '3287443654767675', 'brideFather': 'abcdefghijklnopqurstuvwxyzabcdefghijklnopqurstuvwxyz', 'groomName': 'abcdefghijklnopqurstuvwxyzabcdefghijklnopqurstuvwxyz', 'groomFather': 'abcdefghijklnopqurstuvwxyzabcdefghijklnopqurstuvwxyz', 'brideName': 'abcdefghijklnopqurstuvwxyzabcdefghijklnopqurstuvwxyz', 'marriageDate_obj': <tkcalendar.dateentry.DateEntry instance at 0x00000000037C0548>, 'brideAddress': 'abcdefghijklnopqurstuvwxyzabcdefghijklnopqurstuvwxyz', 'brideId': '3287443654767675', 'groomAddress': 'abcdefghijklnopqurstuvwxyzabcdefghijklnopqurstuvwxyz', 's_no': '45'}
constants.py.getSavePath#61	INFO:	getSavePath params: 2023-02-08
constants.py.getSavePath#61	INFO:	getSavePath params: 2023-02-08
certificateForm.py.init#221	INFO:	
**************************************
******** 2023-02-08 22:59:00 *********
**************************************
certificateForm.py.submit#196	INFO:	collectedFormadata: {'brideAddress2': '', 'marriageDate': '2023-02-08', 'groomId': 'jh6887', 'brideFather': '123470090789657621345123470090789657621345123470090789657621345', 'groomName': '123470090789657621345123470090789657621345123470090789657621345', 'groomFather': '123470090789657621345123470090789657621345', 'brideName': '123470090789657621345123470090789657621345123470090789657621345', 'marriageDate_obj': <tkcalendar.dateentry.DateEntry instance at 0x0000000004447588>, 'brideAddress': '123470090789657621345123470090789657621345123470090789657621345', 'brideId': '87687687', 'groomAddress': '123470090789657621345123470090789657621345', 's_no': '46'}
constants.py.getSavePath#61	INFO:	getSavePath params: 2023-02-08
constants.py.getSavePath#61	INFO:	getSavePath params: 2023-02-08
certificateForm.py.init#222	INFO:	
**************************************
******** 2023-02-07 15:13:09 *********
**************************************
certificateForm.py.init#222	INFO:	
**************************************
******** 2023-02-07 15:15:16 *********
**************************************
certificateForm.py.submit#197	INFO:	collectedFormadata: {'brideAddress2': '', 'marriageDate': '2023-02-08', 'groomId': 'gk', 'brideFather': 'kljg', 'groomName': 'kjhgskajl', 'groomFather': 'kljgklj', 'brideName': 'ljg', 'marriageDate_obj': <tkcalendar.dateentry.DateEntry instance at 0x0000000003461788>, 'brideAddress': 'lkg', 'brideId': 'lkjg', 'groomAddress': 'gklj', 's_no': '47'}
constants.py.getSavePath#61	INFO:	getSavePath params: 2023-02-08
constants.py.getSavePath#61	INFO:	getSavePath params: 2023-02-08
constants.py.getSavePath#61	INFO:	getSavePath params: 2023-02-08
constants.py.getSavePath#61	INFO:	getSavePath params: 2023-02-08
certificateForm.py.init#222	INFO:	
**************************************
******** 2023-02-07 15:21:15 *********
**************************************
certificateForm.py.submit#197	INFO:	collectedFormadata: {'brideAddress2': '', 'marriageDate': '2023-02-07', 'groomId': '76587  669876978076', 'brideFather': 'People People Singh', 'groomName': 'People People Singh', 'groomFather': 'People People Singh', 'brideName': 'People People Singh', 'marriageDate_obj': <tkcalendar.dateentry.DateEntry instance at 0x00000000034817C8>, 'brideAddress': '433 sector abc. panchkula haryana 134109', 'brideId': '76587  669876978076', 'groomAddress': '433 sector abc. panchkula haryana 134109', 's_no': '48'}
certificateForm.py.submit#197	INFO:	collectedFormadata: {'brideAddress2': '', 'marriageDate': '2023-02-07', 'groomId': '76587  669876978076', 'brideFather': 'People People Singh', 'groomName': 'People People Singh', 'groomFather': 'People People Singh', 'brideName': 'People People Singh', 'marriageDate_obj': <tkcalendar.dateentry.DateEntry instance at 0x00000000034817C8>, 'brideAddress': '433 sector abc. panchkula haryana 134109', 'brideId': '76587  669876978076', 'groomAddress': '433 sector abc. panchkula haryana 134109', 's_no': '48'}
certificateForm.py.submit#197	INFO:	collectedFormadata: {'brideAddress2': '', 'marriageDate': '2023-02-07', 'groomId': '76587  66987697807', 'brideFather': 'People People Singh', 'groomName': 'People People Singh', 'groomFather': 'People People Singh', 'brideName': 'People People Singh', 'marriageDate_obj': <tkcalendar.dateentry.DateEntry instance at 0x00000000034817C8>, 'brideAddress': '433 sector abc. panchkula haryana 134109', 'brideId': '76587  66987697807', 'groomAddress': '433 sector abc. panchkula haryana 134109', 's_no': '48'}
certificateForm.py.submit#197	INFO:	collectedFormadata: {'brideAddress2': '', 'marriageDate': '2023-02-07', 'groomId': '76587  6698769780', 'brideFather': 'People People Singh', 'groomName': 'People People Singh', 'groomFather': 'People People Singh', 'brideName': 'People People Singh', 'marriageDate_obj': <tkcalendar.dateentry.DateEntry instance at 0x00000000034817C8>, 'brideAddress': '433 sector abc. panchkula haryana 134109', 'brideId': '76587  6698769780', 'groomAddress': '433 sector abc. panchkula haryana 134109', 's_no': '48'}
certificateForm.py.submit#197	INFO:	collectedFormadata: {'brideAddress2': '', 'marriageDate': '2023-02-07', 'groomId': '76587  669876978', 'brideFather': 'People People Singh', 'groomName': 'People People Singh', 'groomFather': 'People People Singh', 'brideName': 'People People Singh', 'marriageDate_obj': <tkcalendar.dateentry.DateEntry instance at 0x00000000034817C8>, 'brideAddress': '433 sector abc. panchkula haryana 134109', 'brideId': '76587  66987697', 'groomAddress': '433 sector abc. panchkula haryana 134109', 's_no': '48'}
constants.py.getSavePath#61	INFO:	getSavePath params: 2023-02-07
constants.py.getSavePath#61	INFO:	getSavePath params: 2023-02-07
constants.py.getSavePath#61	INFO:	getSavePath params: 2023-02-07
certificateForm.py.init#218	INFO:	
**************************************
******** 2023-02-07 15:53:48 *********
**************************************
certificateForm.py.submit#197	INFO:	collectedFormadata: {'brideAddress2': '', 'marriageDate': '2023-02-07', 'groomId': 'gljkg', 'brideFather': 'lkjg', 'groomName': 'sdfiu', 'groomFather': 'gkljg', 'brideName': 'lkg', 'marriageDate_obj': <tkcalendar.dateentry.DateEntry instance at 0x00000000052DD188>, 'brideAddress': 'lkjl', 'brideId': 'lkgllk', 'groomAddress': 'klj', 's_no': '49'}
certificateForm.py.submit#197	INFO:	collectedFormadata: {'brideAddress2': '', 'marriageDate': '2023-02-07', 'groomId': 'gljkg', 'brideFather': 'lkjg', 'groomName': 'sdfiu', 'groomFather': 'gkljg', 'brideName': 'lkg', 'marriageDate_obj': <tkcalendar.dateentry.DateEntry instance at 0x00000000052DD188>, 'brideAddress': 'lkjl fgfd gf', 'brideId': 'lkgllk', 'groomAddress': 'klj', 's_no': '49'}
constants.py.getSavePath#61	INFO:	getSavePath params: 2023-02-07
constants.py.getSavePath#61	INFO:	getSavePath params: 2023-02-07
constants.py.getSavePath#61	INFO:	getSavePath params: 2023-02-07
certificateForm.py.init#220	INFO:	
**************************************
******** 2023-02-11 21:36:06 *********
**************************************
certificateForm.py.init#220	INFO:	
**************************************
******** 2023-02-11 21:36:12 *********
**************************************
certificateForm.py.init#220	INFO:	
**************************************
******** 2023-02-11 21:39:03 *********
**************************************
certificateForm.py.init#220	INFO:	
**************************************
******** 2023-02-11 21:39:22 *********
**************************************
certificateForm.py.init#220	INFO:	
**************************************
******** 2023-02-11 21:41:18 *********
**************************************
certificateForm.py.init#220	INFO:	
**************************************
******** 2023-02-11 21:41:27 *********
**************************************
certificateForm.py.init#220	INFO:	
**************************************
******** 2023-02-11 21:43:04 *********
**************************************
certificateForm.py.init#220	INFO:	
**************************************
******** 2023-02-11 21:44:05 *********
**************************************
certificateForm.py.init#220	INFO:	
**************************************
******** 2023-02-11 21:44:38 *********
**************************************
certificateForm.py.init#220	INFO:	
**************************************
******** 2023-02-11 21:45:09 *********
**************************************
certificateForm.py.init#220	INFO:	
**************************************
******** 2023-02-11 21:45:19 *********
**************************************
certificateForm.py.init#220	INFO:	
**************************************
******** 2023-02-11 21:45:53 *********
**************************************
certificateForm.py.init#220	INFO:	
**************************************
******** 2023-02-11 21:46:24 *********
**************************************
certificateForm.py.init#222	INFO:	
**************************************
******** 2023-02-11 21:49:10 *********
**************************************
certificateForm.py.init#222	INFO:	
**************************************
******** 2023-02-11 21:49:29 *********
**************************************
certificateForm.py.init#226	INFO:	
**************************************
******** 2023-02-11 21:51:04 *********
**************************************
certificateForm.py.init#227	INFO:	
**************************************
******** 2023-02-11 21:52:51 *********
**************************************
certificateForm.py.init#227	INFO:	
**************************************
******** 2023-02-11 21:53:05 *********
**************************************
certificateForm.py.init#221	INFO:	
**************************************
******** 2023-02-11 21:54:52 *********
**************************************
certificateForm.py.init#221	INFO:	
**************************************
******** 2023-02-11 21:55:05 *********
**************************************
certificateForm.py.init#221	INFO:	
**************************************
******** 2023-02-11 21:55:28 *********
**************************************
certificateForm.py.init#221	INFO:	
**************************************
******** 2023-02-11 21:57:53 *********
**************************************
certificateForm.py.init#221	INFO:	
**************************************
******** 2023-02-11 21:58:00 *********
**************************************
certificateForm.py.init#221	INFO:	
**************************************
******** 2023-02-11 21:58:08 *********
**************************************
certificateForm.py.init#221	INFO:	
**************************************
******** 2023-02-11 21:58:24 *********
**************************************
certificateForm.py.init#221	INFO:	
**************************************
******** 2023-02-11 22:07:22 *********
**************************************
certificateForm.py.init#221	INFO:	
**************************************
******** 2023-02-11 22:17:21 *********
**************************************
constants.py.getSavePath#62	INFO:	getSavePath params: 
certificateForm.py.init#221	INFO:	
**************************************
******** 2023-02-11 22:17:44 *********
**************************************
certificateForm.py.init#221	INFO:	
**************************************
******** 2023-02-11 22:18:33 *********
**************************************
certificateForm.py.submit#200	INFO:	collectedFormadata: {'brideAddress2': '', 'marriageDate': '2023-02-11', 'groomId': '', 'brideFather': '', 'groomName': '', 'groomFather': '', 'brideName': '', 'marriageDate_obj': <tkcalendar.dateentry.DateEntry instance at 0x0000000003BD0588>, 'brideAddress': '', 'brideId': '', 'groomAddress': '', 's_no': '51'}
certificateForm.py.submit#200	INFO:	collectedFormadata: {'brideAddress2': '', 'marriageDate': '2023-02-11', 'groomId': 'gklj', 'brideFather': 'gk', 'groomName': 'k', 'groomFather': 'jjk', 'brideName': 'gklj', 'marriageDate_obj': <tkcalendar.dateentry.DateEntry instance at 0x0000000003BD0588>, 'brideAddress': 'jk', 'brideId': 'kjhkdsghkdshg kldsfhkldsafkldsafkljdsaf', 'groomAddress': 'gkjl', 's_no': '51'}
certificateForm.py.init#221	INFO:	
**************************************
******** 2023-02-11 22:19:15 *********
**************************************
certificateForm.py.init#221	INFO:	
**************************************
******** 2023-02-11 22:19:19 *********
**************************************
certificateForm.py.submit#200	INFO:	collectedFormadata: {'brideAddress2': '', 'marriageDate': 'jk', 'groomId': 'kjg', 'brideFather': 'jkg', 'groomName': 'kdshkl', 'groomFather': 'hkh', 'brideName': 'jkg', 'marriageDate_obj': <tkcalendar.dateentry.DateEntry instance at 0x0000000004208588>, 'brideAddress': 'kjg', 'brideId': 'kjgkjlgkjgkjgk gjkg kjg kjg kj', 'groomAddress': 'kj', 's_no': '51'}
certificateForm.py.init#221	INFO:	
**************************************
******** 2023-02-11 22:19:33 *********
**************************************
certificateForm.py.init#221	INFO:	
**************************************
******** 2023-02-11 22:20:10 *********
**************************************
constants.py.getSavePath#62	INFO:	getSavePath params: 
certificateForm.py.init#221	INFO:	
**************************************
******** 2023-02-11 22:20:10 *********
**************************************
certificateForm.py.init#218	INFO:	
**************************************
******** 2023-02-11 22:20:41 *********
**************************************
certificateForm.py.init#218	INFO:	
**************************************
******** 2023-02-11 22:20:59 *********
**************************************
certificateForm.py.init#218	INFO:	
**************************************
******** 2023-02-11 22:21:01 *********
**************************************
certificateForm.py.init#218	INFO:	
**************************************
******** 2023-02-11 22:21:08 *********
**************************************
certificateForm.py.init#218	INFO:	
**************************************
******** 2023-02-11 22:22:17 *********
**************************************
certificateForm.py.init#218	INFO:	
**************************************
******** 2023-02-11 22:24:15 *********
**************************************
certificateForm.py.init#220	INFO:	
**************************************
******** 2023-02-11 22:24:47 *********
**************************************
certificateForm.py.init#220	INFO:	
**************************************
******** 2023-02-11 22:24:57 *********
**************************************
certificateForm.py.init#220	INFO:	
**************************************
******** 2023-02-11 22:25:06 *********
**************************************
certificateForm.py.init#220	INFO:	
**************************************
******** 2023-02-11 22:26:40 *********
**************************************
certificateForm.py.init#220	INFO:	
**************************************
******** 2023-02-11 22:27:12 *********
**************************************
certificateForm.py.init#220	INFO:	
**************************************
******** 2023-02-11 22:28:09 *********
**************************************
constants.py.getSavePath#62	INFO:	getSavePath params: 
certificateForm.py.init#220	INFO:	
**************************************
******** 2023-02-11 22:30:00 *********
**************************************
certificateForm.py.init#220	INFO:	
**************************************
******** 2023-02-11 22:37:50 *********
**************************************
certificateForm.py.init#220	INFO:	
**************************************
******** 2023-02-11 22:43:37 *********
**************************************
certificateForm.py.init#220	INFO:	
**************************************
******** 2023-02-11 22:44:43 *********
**************************************
certificateForm.py.init#219	INFO:	
**************************************
******** 2023-02-11 22:45:09 *********
**************************************
certificateForm.py.init#219	INFO:	
**************************************
******** 2023-02-11 22:45:16 *********
**************************************
certificateForm.py.init#219	INFO:	
**************************************
******** 2023-02-11 22:46:17 *********
**************************************
certificateForm.py.init#219	INFO:	
**************************************
******** 2023-02-11 22:46:44 *********
**************************************
certificateForm.py.init#219	INFO:	
**************************************
******** 2023-02-11 22:46:44 *********
**************************************
certificateForm.py.init#219	INFO:	
**************************************
******** 2023-02-11 22:47:22 *********
**************************************
constants.py.getSavePath#73	INFO:	getSavePath params: 
certificateForm.py.init#219	INFO:	
**************************************
******** 2023-02-11 22:47:22 *********
**************************************
certificateForm.py.init#219	INFO:	
**************************************
******** 2023-02-11 22:47:22 *********
**************************************
certificateForm.py.init#220	INFO:	
**************************************
******** 2023-02-11 22:50:05 *********
**************************************
constants.py.getSavePath#73	INFO:	getSavePath params: 
certificateForm.py.init#220	INFO:	
**************************************
******** 2023-02-11 22:50:50 *********
**************************************
certificateForm.py.init#220	INFO:	
**************************************
******** 2023-02-11 22:54:09 *********
**************************************
certificateForm.py.init#220	INFO:	
**************************************
******** 2023-02-11 22:57:03 *********
**************************************
certificateForm.py.init#220	INFO:	
**************************************
******** 2023-02-11 23:00:28 *********
**************************************
certificateForm.py.init#220	INFO:	
**************************************
******** 2023-02-11 23:04:47 *********
**************************************
certificateForm.py.submit#199	INFO:	collectedFormadata: {'brideAddress2': '', 'marriageDate': '2023-02-11', 'groomId': '', 'brideFather': '', 'groomName': '', 'groomFather': '', 'brideName': '', 'marriageDate_obj': <tkcalendar.dateentry.DateEntry instance at 0x000000000571A548>, 'brideAddress': '', 'brideId': '', 'groomAddress': '', 's_no': '51'}
certificateForm.py.init#220	INFO:	
**************************************
******** 2023-02-11 23:04:47 *********
**************************************
certificateForm.py.init#224	INFO:	
**************************************
******** 2023-02-11 23:20:55 *********
**************************************
certificateForm.py.init#225	INFO:	
**************************************
******** 2023-02-11 23:21:10 *********
**************************************
certificateForm.py.init#225	INFO:	
**************************************
******** 2023-02-11 23:21:42 *********
**************************************
certificateForm.py.init#225	INFO:	
**************************************
******** 2023-02-11 23:22:00 *********
**************************************
certificateForm.py.init#226	INFO:	
**************************************
******** 2023-02-11 23:22:48 *********
**************************************
certificateForm.py.init#226	INFO:	
**************************************
******** 2023-02-11 23:23:14 *********
**************************************
certificateForm.py.init#226	INFO:	
**************************************
******** 2023-02-11 23:24:11 *********
**************************************
certificateForm.py.init#226	INFO:	
**************************************
******** 2023-02-11 23:24:42 *********
**************************************
certificateForm.py.init#227	INFO:	
**************************************
******** 2023-02-11 23:26:20 *********
**************************************
certificateForm.py.init#235	INFO:	
**************************************
******** 2023-02-11 23:29:44 *********
**************************************
certificateForm.py.init#235	INFO:	
**************************************
******** 2023-02-11 23:29:47 *********
**************************************
certificateForm.py.init#236	INFO:	
**************************************
******** 2023-02-11 23:31:23 *********
**************************************
certificateForm.py.init#236	INFO:	
**************************************
******** 2023-02-11 23:31:37 *********
**************************************
certificateForm.py.init#236	INFO:	
**************************************
******** 2023-02-11 23:31:43 *********
**************************************
certificateForm.py.init#236	INFO:	
**************************************
******** 2023-02-11 23:31:50 *********
**************************************
certificateForm.py.init#236	INFO:	
**************************************
******** 2023-02-11 23:31:57 *********
**************************************
certificateForm.py.init#221	INFO:	
**************************************
******** 2023-02-11 23:32:35 *********
**************************************
